<?xml version="1.0" encoding="UTF-8"?>
<!-- Generated by org.testng.reporters.JUnitReportReporter -->
<testsuite hostname="DESKTOP-DRB929D" failures="0" tests="11" name="MyTestCasesDribbble" time="19.618" errors="0" timestamp="2025-08-19T14:31:28 EET" skipped="8">
  <testcase classname="MyTestCasesDribbble" name="SignUp" time="1.810"/>
  <testcase classname="MyTestCasesDribbble" name="AddToTheCart" time="3.203"/>
  <testcase classname="MyTestCasesDribbble" name="CheckOut" time="14.605"/>
  <testcase classname="MyTestCasesDribbble" name="SortItems">
    <skipped/>
  </testcase> <!-- SortItems -->
  <testcase classname="MyTestCasesDribbble" name="ContactForm">
    <skipped/>
  </testcase> <!-- ContactForm -->
  <testcase classname="MyTestCasesDribbble" name="SearchNotFoundItem">
    <skipped/>
  </testcase> <!-- SearchNotFoundItem -->
  <testcase classname="MyTestCasesDribbble" name="LogOut">
    <skipped/>
  </testcase> <!-- LogOut -->
  <testcase classname="MyTestCasesDribbble" name="ChangeCurrency">
    <skipped/>
  </testcase> <!-- ChangeCurrency -->
  <testcase classname="MyTestCasesDribbble" name="OpenIteamPage">
    <skipped/>
  </testcase> <!-- OpenIteamPage -->
  <testcase classname="MyTestCasesDribbble" name="Login">
    <skipped/>
  </testcase> <!-- Login -->
  <testcase classname="MyTestCasesDribbble" name="SearchForIteam">
    <skipped/>
  </testcase> <!-- SearchForIteam -->
</testsuite> <!-- MyTestCasesDribbble -->
